<?xml version="1.0" encoding="UTF-8"?>
<testng-results skipped="0" failed="0" ignored="0" total="1" passed="1">
  <reporter-output>
  </reporter-output>
  <suite name="Default suite" duration-ms="7102" started-at="2018-02-17T00:45:55Z" finished-at="2018-02-17T00:46:03Z">
    <groups>
    </groups>
    <test name="Default test" duration-ms="7102" started-at="2018-02-17T00:45:55Z" finished-at="2018-02-17T00:46:03Z">
      <class name="pagefactorytestscripts1.HomePageTest1">
        <test-method status="PASS" signature="setUp()[pri:0, instance:pagefactorytestscripts1.HomePageTest1@1d29cf23]" name="setUp" is-config="true" duration-ms="5692" started-at="2018-02-16T16:45:55Z" finished-at="2018-02-16T16:46:01Z">
          <reporter-output>
          </reporter-output>
        </test-method> <!-- setUp -->
        <test-method status="PASS" signature="assertHomepage()[pri:0, instance:pagefactorytestscripts1.HomePageTest1@1d29cf23]" name="assertHomepage" duration-ms="798" started-at="2018-02-16T16:46:01Z" finished-at="2018-02-16T16:46:02Z">
          <reporter-output>
          </reporter-output>
        </test-method> <!-- assertHomepage -->
        <test-method status="PASS" signature="tearDown()[pri:0, instance:pagefactorytestscripts1.HomePageTest1@1d29cf23]" name="tearDown" is-config="true" duration-ms="594" started-at="2018-02-16T16:46:02Z" finished-at="2018-02-16T16:46:03Z">
          <reporter-output>
          </reporter-output>
        </test-method> <!-- tearDown -->
      </class> <!-- pagefactorytestscripts1.HomePageTest1 -->
    </test> <!-- Default test -->
  </suite> <!-- Default suite -->
</testng-results>
